android/app/build/intermediates/manifest_merge_blame_file/release/processReleaseMainManifest/manifest-merger-blame-release-report.txt
1<?xml version="1.0" encoding="utf-8"?>
2<manifest xmlns:android="http://schemas.android.com/apk/res/android"
3    package="com.example.reminder_app"
4    android:versionCode="1"
5    android:versionName="1.0.0" >
6
7    <uses-sdk
8        android:minSdkVersion="26"
9        android:targetSdkVersion="34" />
10
11    <uses-permission android:name="com.google.android.providers.gsf.permission.READ_GSERVICES" />
11-->src/main/AndroidManifest.xml:5:5-98
11-->src/main/AndroidManifest.xml:5:22-95
12    <uses-permission android:name="android.permission.RECEIVE_BOOT_COMPLETED" />
12-->src/main/AndroidManifest.xml:6:5-81
12-->src/main/AndroidManifest.xml:6:22-78
13    <uses-permission android:name="android.permission.POST_NOTIFICATIONS" />
13-->src/main/AndroidManifest.xml:7:5-77
13-->src/main/AndroidManifest.xml:7:22-74
14    <uses-permission android:name="android.permission.USE_EXACT_ALARM" />
14-->src/main/AndroidManifest.xml:8:5-74
14-->src/main/AndroidManifest.xml:8:22-71
15    <uses-permission android:name="com.google.android.gms.permission.AD_ID" />
15-->src/main/AndroidManifest.xml:9:5-79
15-->src/main/AndroidManifest.xml:9:22-76
16    <uses-permission android:name="android.permission.FOREGROUND_SERVICE" />
16-->src/main/AndroidManifest.xml:10:5-77
16-->src/main/AndroidManifest.xml:10:22-74
17    <uses-permission android:name="android.permission.INTERNET" />
17-->src/main/AndroidManifest.xml:11:5-67
17-->src/main/AndroidManifest.xml:11:22-64
18    <uses-permission android:name="android.permission.ACCESS_NETWORK_STATE" />
18-->src/main/AndroidManifest.xml:12:5-79
18-->src/main/AndroidManifest.xml:12:22-76
19    <uses-permission android:name="android.permission.VIBRATE" />
19-->src/main/AndroidManifest.xml:13:5-66
19-->src/main/AndroidManifest.xml:13:22-63
20    <uses-permission android:name="android.permission.FOREGROUND_SERVICE_SPECIAL_USE" />
20-->src/main/AndroidManifest.xml:14:5-89
20-->src/main/AndroidManifest.xml:14:22-86
21    <uses-permission android:name="com.android.vending.BILLING" />
21-->src/main/AndroidManifest.xml:15:5-67
21-->src/main/AndroidManifest.xml:15:22-64
22    <uses-permission android:name="android.permission.FOREGROUND_SERVICE_DATA_SYNC" />
22-->src/main/AndroidManifest.xml:16:5-87
22-->src/main/AndroidManifest.xml:16:22-84
23
24    <!--
25         Required to query activities that can process text, see:
26         https://developer.android.com/training/package-visibility and
27         https://developer.android.com/reference/android/content/Intent#ACTION_PROCESS_TEXT.
28
29         In particular, this is used by the Flutter engine in io.flutter.plugin.text.ProcessTextPlugin.
30    -->
31    <queries>
31-->src/main/AndroidManifest.xml:100:5-105:15
32        <intent>
32-->src/main/AndroidManifest.xml:101:9-104:18
33            <action android:name="android.intent.action.PROCESS_TEXT" />
33-->src/main/AndroidManifest.xml:102:13-73
33-->src/main/AndroidManifest.xml:102:21-70
34
35            <data android:mimeType="text/plain" />
35-->src/main/AndroidManifest.xml:103:13-51
35-->src/main/AndroidManifest.xml:103:19-48
36        </intent>
37    </queries>
38    <queries>
38-->src/main/AndroidManifest.xml:100:5-105:15
39        <package android:name="com.google.android.gms" />
39-->src/main/AndroidManifest.xml:108:9-58
39-->src/main/AndroidManifest.xml:108:18-55
40    </queries>
41
42    <uses-permission android:name="android.permission.WAKE_LOCK" /> <!-- Required by older versions of Google Play services to create IID tokens -->
42-->[androidx.work:work-runtime:2.9.0] AndroidManifest.xml:23:5-68
42-->[androidx.work:work-runtime:2.9.0] AndroidManifest.xml:23:22-65
43    <uses-permission android:name="com.google.android.c2dm.permission.RECEIVE" />
43-->[com.google.firebase:firebase-messaging:24.1.1] AndroidManifest.xml:26:5-82
43-->[com.google.firebase:firebase-messaging:24.1.1] AndroidManifest.xml:26:22-79
44    <uses-permission android:name="android.permission.REORDER_TASKS" />
44-->[androidx.test:core:1.5.0] AndroidManifest.xml:24:5-72
44-->[androidx.test:core:1.5.0] AndroidManifest.xml:24:22-69
45
46    <permission
46-->[androidx.core:core:1.13.1] AndroidManifest.xml:22:5-24:47
47        android:name="com.example.reminder_app.DYNAMIC_RECEIVER_NOT_EXPORTED_PERMISSION"
47-->[androidx.core:core:1.13.1] AndroidManifest.xml:23:9-81
48        android:protectionLevel="signature" />
48-->[androidx.core:core:1.13.1] AndroidManifest.xml:24:9-44
49
50    <uses-permission android:name="com.example.reminder_app.DYNAMIC_RECEIVER_NOT_EXPORTED_PERMISSION" />
50-->[androidx.core:core:1.13.1] AndroidManifest.xml:26:5-97
50-->[androidx.core:core:1.13.1] AndroidManifest.xml:26:22-94
51
52    <application
52-->src/main/AndroidManifest.xml:18:5-93:19
53        android:appComponentFactory="androidx.core.app.CoreComponentFactory"
53-->[androidx.core:core:1.13.1] AndroidManifest.xml:28:18-86
54        android:extractNativeLibs="false"
55        android:icon="@mipmap/ic_launcher"
55-->src/main/AndroidManifest.xml:19:9-43
56        android:label="Reminders" >
56-->src/main/AndroidManifest.xml:20:9-34
57        <receiver
57-->src/main/AndroidManifest.xml:21:9-23:40
58            android:name="com.dexterous.flutterlocalnotifications.ScheduledNotificationReceiver"
58-->src/main/AndroidManifest.xml:22:13-97
59            android:exported="false" />
59-->src/main/AndroidManifest.xml:23:13-37
60
61        <activity
61-->src/main/AndroidManifest.xml:24:9-44:20
62            android:name="com.example.reminder_app.MainActivity"
62-->src/main/AndroidManifest.xml:25:13-41
63            android:configChanges="orientation|keyboardHidden|keyboard|screenSize|smallestScreenSize|locale|layoutDirection|fontScale|screenLayout|density|uiMode"
63-->src/main/AndroidManifest.xml:26:13-163
64            android:exported="true"
64-->src/main/AndroidManifest.xml:27:13-36
65            android:hardwareAccelerated="true"
65-->src/main/AndroidManifest.xml:28:13-47
66            android:launchMode="singleTop"
66-->src/main/AndroidManifest.xml:29:13-43
67            android:taskAffinity=""
67-->src/main/AndroidManifest.xml:30:13-36
68            android:theme="@style/LaunchTheme"
68-->src/main/AndroidManifest.xml:31:13-47
69            android:windowSoftInputMode="adjustResize" >
69-->src/main/AndroidManifest.xml:32:13-55
70
71            <!--
72                 Specifies an Android theme to apply to this Activity as soon as
73                 the Android process has started. This theme is visible to the user
74                 while the Flutter UI initializes. After that, this theme continues
75                 to determine the Window background behind the Flutter UI.
76            -->
77            <meta-data
77-->src/main/AndroidManifest.xml:37:13-39:57
78                android:name="io.flutter.embedding.android.NormalTheme"
78-->src/main/AndroidManifest.xml:38:17-72
79                android:resource="@style/NormalTheme" />
79-->src/main/AndroidManifest.xml:39:17-54
80
81            <intent-filter>
81-->src/main/AndroidManifest.xml:40:13-43:29
82                <action android:name="android.intent.action.MAIN" />
82-->src/main/AndroidManifest.xml:41:17-69
82-->src/main/AndroidManifest.xml:41:25-66
83
84                <category android:name="android.intent.category.LAUNCHER" />
84-->src/main/AndroidManifest.xml:42:17-77
84-->src/main/AndroidManifest.xml:42:27-74
85            </intent-filter>
86        </activity>
87        <!--
88             Don't delete the meta-data below.
89             This is used by the Flutter tool to generate GeneratedPluginRegistrant.java
90        -->
91        <meta-data
91-->src/main/AndroidManifest.xml:47:9-49:33
92            android:name="flutterEmbedding"
92-->src/main/AndroidManifest.xml:48:13-44
93            android:value="2" />
93-->src/main/AndroidManifest.xml:49:13-30
94        <meta-data
94-->src/main/AndroidManifest.xml:50:9-53:45
95            android:name="com.google.android.gms.version"
95-->src/main/AndroidManifest.xml:51:13-58
96            android:value="12451000" />
96-->src/main/AndroidManifest.xml:52:13-37
97        <meta-data
97-->src/main/AndroidManifest.xml:54:9-56:48
98            android:name="com.google.firebase.messaging.default_notification_channel_id"
98-->src/main/AndroidManifest.xml:55:13-89
99            android:value="reminder_channel" />
99-->src/main/AndroidManifest.xml:56:13-45
100
101        <receiver
101-->src/main/AndroidManifest.xml:58:9-65:20
102            android:name="com.example.reminder_app.DeviceBootReceiver"
102-->src/main/AndroidManifest.xml:59:13-47
103            android:enabled="true"
103-->src/main/AndroidManifest.xml:60:13-35
104            android:exported="true" >
104-->src/main/AndroidManifest.xml:61:13-36
105            <intent-filter>
105-->src/main/AndroidManifest.xml:62:13-64:29
106                <action android:name="android.intent.action.BOOT_COMPLETED" />
106-->src/main/AndroidManifest.xml:63:17-79
106-->src/main/AndroidManifest.xml:63:25-76
107            </intent-filter>
108        </receiver>
109
110        <service
110-->src/main/AndroidManifest.xml:67:9-71:19
111            android:name="com.example.reminder_app.RescheduleService"
111-->src/main/AndroidManifest.xml:68:13-46
112            android:exported="true"
112-->src/main/AndroidManifest.xml:69:13-36
113            android:foregroundServiceType="dataSync" >
113-->src/main/AndroidManifest.xml:70:13-53
114        </service>
115
116        <receiver
116-->src/main/AndroidManifest.xml:73:9-80:20
117            android:name="com.example.reminder_app.EmailBroadcastReceiver"
117-->src/main/AndroidManifest.xml:74:13-51
118            android:enabled="true"
118-->src/main/AndroidManifest.xml:75:13-35
119            android:exported="true" >
119-->src/main/AndroidManifest.xml:76:13-36
120            <intent-filter>
120-->src/main/AndroidManifest.xml:77:13-79:29
121                <action android:name="com.example.notifications.EMAIL_INTENT" />
121-->src/main/AndroidManifest.xml:78:17-81
121-->src/main/AndroidManifest.xml:78:25-78
122            </intent-filter>
123        </receiver>
124
125        <service
125-->src/main/AndroidManifest.xml:83:9-91:19
126            android:name="com.example.reminder_app.NotificationMonitorService"
126-->src/main/AndroidManifest.xml:84:13-55
127            android:exported="false"
127-->src/main/AndroidManifest.xml:85:13-37
128            android:label="Notification Monitor"
128-->src/main/AndroidManifest.xml:86:13-49
129            android:permission="android.permission.BIND_NOTIFICATION_LISTENER_SERVICE" >
129-->src/main/AndroidManifest.xml:87:13-87
130            <intent-filter>
130-->src/main/AndroidManifest.xml:88:13-90:29
131                <action android:name="android.service.notification.NotificationListenerService" />
131-->src/main/AndroidManifest.xml:89:17-99
131-->src/main/AndroidManifest.xml:89:25-96
132            </intent-filter>
133        </service>
134
135        <provider
135-->[androidx.work:work-runtime:2.9.0] AndroidManifest.xml:29:9-37:20
136            android:name="androidx.startup.InitializationProvider"
136-->[androidx.work:work-runtime:2.9.0] AndroidManifest.xml:30:13-67
137            android:authorities="com.example.reminder_app.androidx-startup"
137-->[androidx.work:work-runtime:2.9.0] AndroidManifest.xml:31:13-68
138            android:exported="false" >
138-->[androidx.work:work-runtime:2.9.0] AndroidManifest.xml:32:13-37
139            <meta-data
139-->[androidx.work:work-runtime:2.9.0] AndroidManifest.xml:34:13-36:52
140                android:name="androidx.work.WorkManagerInitializer"
140-->[androidx.work:work-runtime:2.9.0] AndroidManifest.xml:35:17-68
141                android:value="androidx.startup" />
141-->[androidx.work:work-runtime:2.9.0] AndroidManifest.xml:36:17-49
142            <meta-data
142-->[androidx.lifecycle:lifecycle-process:2.7.0] AndroidManifest.xml:29:13-31:52
143                android:name="androidx.lifecycle.ProcessLifecycleInitializer"
143-->[androidx.lifecycle:lifecycle-process:2.7.0] AndroidManifest.xml:30:17-78
144                android:value="androidx.startup" />
144-->[androidx.lifecycle:lifecycle-process:2.7.0] AndroidManifest.xml:31:17-49
145            <meta-data
145-->[androidx.profileinstaller:profileinstaller:1.3.1] AndroidManifest.xml:29:13-31:52
146                android:name="androidx.profileinstaller.ProfileInstallerInitializer"
146-->[androidx.profileinstaller:profileinstaller:1.3.1] AndroidManifest.xml:30:17-85
147                android:value="androidx.startup" />
147-->[androidx.profileinstaller:profileinstaller:1.3.1] AndroidManifest.xml:31:17-49
148        </provider>
149
150        <service
150-->[androidx.work:work-runtime:2.9.0] AndroidManifest.xml:39:9-45:35
151            android:name="androidx.work.impl.background.systemalarm.SystemAlarmService"
151-->[androidx.work:work-runtime:2.9.0] AndroidManifest.xml:40:13-88
152            android:directBootAware="false"
152-->[androidx.work:work-runtime:2.9.0] AndroidManifest.xml:41:13-44
153            android:enabled="@bool/enable_system_alarm_service_default"
153-->[androidx.work:work-runtime:2.9.0] AndroidManifest.xml:42:13-72
154            android:exported="false" />
154-->[androidx.work:work-runtime:2.9.0] AndroidManifest.xml:43:13-37
155        <service
155-->[androidx.work:work-runtime:2.9.0] AndroidManifest.xml:46:9-52:35
156            android:name="androidx.work.impl.background.systemjob.SystemJobService"
156-->[androidx.work:work-runtime:2.9.0] AndroidManifest.xml:47:13-84
157            android:directBootAware="false"
157-->[androidx.work:work-runtime:2.9.0] AndroidManifest.xml:48:13-44
158            android:enabled="@bool/enable_system_job_service_default"
158-->[androidx.work:work-runtime:2.9.0] AndroidManifest.xml:49:13-70
159            android:exported="true"
159-->[androidx.work:work-runtime:2.9.0] AndroidManifest.xml:50:13-36
160            android:permission="android.permission.BIND_JOB_SERVICE" />
160-->[androidx.work:work-runtime:2.9.0] AndroidManifest.xml:51:13-69
161        <service
161-->[androidx.work:work-runtime:2.9.0] AndroidManifest.xml:53:9-59:35
162            android:name="androidx.work.impl.foreground.SystemForegroundService"
162-->[androidx.work:work-runtime:2.9.0] AndroidManifest.xml:54:13-81
163            android:directBootAware="false"
163-->[androidx.work:work-runtime:2.9.0] AndroidManifest.xml:55:13-44
164            android:enabled="@bool/enable_system_foreground_service_default"
164-->[androidx.work:work-runtime:2.9.0] AndroidManifest.xml:56:13-77
165            android:exported="false" />
165-->[androidx.work:work-runtime:2.9.0] AndroidManifest.xml:57:13-37
166
167        <receiver
167-->[androidx.work:work-runtime:2.9.0] AndroidManifest.xml:61:9-66:35
168            android:name="androidx.work.impl.utils.ForceStopRunnable$BroadcastReceiver"
168-->[androidx.work:work-runtime:2.9.0] AndroidManifest.xml:62:13-88
169            android:directBootAware="false"
169-->[androidx.work:work-runtime:2.9.0] AndroidManifest.xml:63:13-44
170            android:enabled="true"
170-->[androidx.work:work-runtime:2.9.0] AndroidManifest.xml:64:13-35
171            android:exported="false" />
171-->[androidx.work:work-runtime:2.9.0] AndroidManifest.xml:65:13-37
172        <receiver
172-->[androidx.work:work-runtime:2.9.0] AndroidManifest.xml:67:9-77:20
173            android:name="androidx.work.impl.background.systemalarm.ConstraintProxy$BatteryChargingProxy"
173-->[androidx.work:work-runtime:2.9.0] AndroidManifest.xml:68:13-106
174            android:directBootAware="false"
174-->[androidx.work:work-runtime:2.9.0] AndroidManifest.xml:69:13-44
175            android:enabled="false"
175-->[androidx.work:work-runtime:2.9.0] AndroidManifest.xml:70:13-36
176            android:exported="false" >
176-->[androidx.work:work-runtime:2.9.0] AndroidManifest.xml:71:13-37
177            <intent-filter>
177-->[androidx.work:work-runtime:2.9.0] AndroidManifest.xml:73:13-76:29
178                <action android:name="android.intent.action.ACTION_POWER_CONNECTED" />
178-->[androidx.work:work-runtime:2.9.0] AndroidManifest.xml:74:17-87
178-->[androidx.work:work-runtime:2.9.0] AndroidManifest.xml:74:25-84
179                <action android:name="android.intent.action.ACTION_POWER_DISCONNECTED" />
179-->[androidx.work:work-runtime:2.9.0] AndroidManifest.xml:75:17-90
179-->[androidx.work:work-runtime:2.9.0] AndroidManifest.xml:75:25-87
180            </intent-filter>
181        </receiver>
182        <receiver
182-->[androidx.work:work-runtime:2.9.0] AndroidManifest.xml:78:9-88:20
183            android:name="androidx.work.impl.background.systemalarm.ConstraintProxy$BatteryNotLowProxy"
183-->[androidx.work:work-runtime:2.9.0] AndroidManifest.xml:79:13-104
184            android:directBootAware="false"
184-->[androidx.work:work-runtime:2.9.0] AndroidManifest.xml:80:13-44
185            android:enabled="false"
185-->[androidx.work:work-runtime:2.9.0] AndroidManifest.xml:81:13-36
186            android:exported="false" >
186-->[androidx.work:work-runtime:2.9.0] AndroidManifest.xml:82:13-37
187            <intent-filter>
187-->[androidx.work:work-runtime:2.9.0] AndroidManifest.xml:84:13-87:29
188                <action android:name="android.intent.action.BATTERY_OKAY" />
188-->[androidx.work:work-runtime:2.9.0] AndroidManifest.xml:85:17-77
188-->[androidx.work:work-runtime:2.9.0] AndroidManifest.xml:85:25-74
189                <action android:name="android.intent.action.BATTERY_LOW" />
189-->[androidx.work:work-runtime:2.9.0] AndroidManifest.xml:86:17-76
189-->[androidx.work:work-runtime:2.9.0] AndroidManifest.xml:86:25-73
190            </intent-filter>
191        </receiver>
192        <receiver
192-->[androidx.work:work-runtime:2.9.0] AndroidManifest.xml:89:9-99:20
193            android:name="androidx.work.impl.background.systemalarm.ConstraintProxy$StorageNotLowProxy"
193-->[androidx.work:work-runtime:2.9.0] AndroidManifest.xml:90:13-104
194            android:directBootAware="false"
194-->[androidx.work:work-runtime:2.9.0] AndroidManifest.xml:91:13-44
195            android:enabled="false"
195-->[androidx.work:work-runtime:2.9.0] AndroidManifest.xml:92:13-36
196            android:exported="false" >
196-->[androidx.work:work-runtime:2.9.0] AndroidManifest.xml:93:13-37
197            <intent-filter>
197-->[androidx.work:work-runtime:2.9.0] AndroidManifest.xml:95:13-98:29
198                <action android:name="android.intent.action.DEVICE_STORAGE_LOW" />
198-->[androidx.work:work-runtime:2.9.0] AndroidManifest.xml:96:17-83
198-->[androidx.work:work-runtime:2.9.0] AndroidManifest.xml:96:25-80
199                <action android:name="android.intent.action.DEVICE_STORAGE_OK" />
199-->[androidx.work:work-runtime:2.9.0] AndroidManifest.xml:97:17-82
199-->[androidx.work:work-runtime:2.9.0] AndroidManifest.xml:97:25-79
200            </intent-filter>
201        </receiver>
202        <receiver
202-->[androidx.work:work-runtime:2.9.0] AndroidManifest.xml:100:9-109:20
203            android:name="androidx.work.impl.background.systemalarm.ConstraintProxy$NetworkStateProxy"
203-->[androidx.work:work-runtime:2.9.0] AndroidManifest.xml:101:13-103
204            android:directBootAware="false"
204-->[androidx.work:work-runtime:2.9.0] AndroidManifest.xml:102:13-44
205            android:enabled="false"
205-->[androidx.work:work-runtime:2.9.0] AndroidManifest.xml:103:13-36
206            android:exported="false" >
206-->[androidx.work:work-runtime:2.9.0] AndroidManifest.xml:104:13-37
207            <intent-filter>
207-->[androidx.work:work-runtime:2.9.0] AndroidManifest.xml:106:13-108:29
208                <action android:name="android.net.conn.CONNECTIVITY_CHANGE" />
208-->[androidx.work:work-runtime:2.9.0] AndroidManifest.xml:107:17-79
208-->[androidx.work:work-runtime:2.9.0] AndroidManifest.xml:107:25-76
209            </intent-filter>
210        </receiver>
211        <receiver
211-->[androidx.work:work-runtime:2.9.0] AndroidManifest.xml:110:9-121:20
212            android:name="androidx.work.impl.background.systemalarm.RescheduleReceiver"
212-->[androidx.work:work-runtime:2.9.0] AndroidManifest.xml:111:13-88
213            android:directBootAware="false"
213-->[androidx.work:work-runtime:2.9.0] AndroidManifest.xml:112:13-44
214            android:enabled="false"
214-->[androidx.work:work-runtime:2.9.0] AndroidManifest.xml:113:13-36
215            android:exported="false" >
215-->[androidx.work:work-runtime:2.9.0] AndroidManifest.xml:114:13-37
216            <intent-filter>
216-->[androidx.work:work-runtime:2.9.0] AndroidManifest.xml:116:13-120:29
217                <action android:name="android.intent.action.BOOT_COMPLETED" />
217-->src/main/AndroidManifest.xml:63:17-79
217-->src/main/AndroidManifest.xml:63:25-76
218                <action android:name="android.intent.action.TIME_SET" />
218-->[androidx.work:work-runtime:2.9.0] AndroidManifest.xml:118:17-73
218-->[androidx.work:work-runtime:2.9.0] AndroidManifest.xml:118:25-70
219                <action android:name="android.intent.action.TIMEZONE_CHANGED" />
219-->[androidx.work:work-runtime:2.9.0] AndroidManifest.xml:119:17-81
219-->[androidx.work:work-runtime:2.9.0] AndroidManifest.xml:119:25-78
220            </intent-filter>
221        </receiver>
222        <receiver
222-->[androidx.work:work-runtime:2.9.0] AndroidManifest.xml:122:9-131:20
223            android:name="androidx.work.impl.background.systemalarm.ConstraintProxyUpdateReceiver"
223-->[androidx.work:work-runtime:2.9.0] AndroidManifest.xml:123:13-99
224            android:directBootAware="false"
224-->[androidx.work:work-runtime:2.9.0] AndroidManifest.xml:124:13-44
225            android:enabled="@bool/enable_system_alarm_service_default"
225-->[androidx.work:work-runtime:2.9.0] AndroidManifest.xml:125:13-72
226            android:exported="false" >
226-->[androidx.work:work-runtime:2.9.0] AndroidManifest.xml:126:13-37
227            <intent-filter>
227-->[androidx.work:work-runtime:2.9.0] AndroidManifest.xml:128:13-130:29
228                <action android:name="androidx.work.impl.background.systemalarm.UpdateProxies" />
228-->[androidx.work:work-runtime:2.9.0] AndroidManifest.xml:129:17-98
228-->[androidx.work:work-runtime:2.9.0] AndroidManifest.xml:129:25-95
229            </intent-filter>
230        </receiver>
231        <receiver
231-->[androidx.work:work-runtime:2.9.0] AndroidManifest.xml:132:9-142:20
232            android:name="androidx.work.impl.diagnostics.DiagnosticsReceiver"
232-->[androidx.work:work-runtime:2.9.0] AndroidManifest.xml:133:13-78
233            android:directBootAware="false"
233-->[androidx.work:work-runtime:2.9.0] AndroidManifest.xml:134:13-44
234            android:enabled="true"
234-->[androidx.work:work-runtime:2.9.0] AndroidManifest.xml:135:13-35
235            android:exported="true"
235-->[androidx.work:work-runtime:2.9.0] AndroidManifest.xml:136:13-36
236            android:permission="android.permission.DUMP" >
236-->[androidx.work:work-runtime:2.9.0] AndroidManifest.xml:137:13-57
237            <intent-filter>
237-->[androidx.work:work-runtime:2.9.0] AndroidManifest.xml:139:13-141:29
238                <action android:name="androidx.work.diagnostics.REQUEST_DIAGNOSTICS" />
238-->[androidx.work:work-runtime:2.9.0] AndroidManifest.xml:140:17-88
238-->[androidx.work:work-runtime:2.9.0] AndroidManifest.xml:140:25-85
239            </intent-filter>
240        </receiver>
241
242        <service
242-->[:cloud_firestore] AndroidManifest.xml:8:9-12:19
243            android:name="com.google.firebase.components.ComponentDiscoveryService"
243-->[:cloud_firestore] AndroidManifest.xml:8:18-89
244            android:directBootAware="true"
244-->[com.google.firebase:firebase-common:21.0.0] AndroidManifest.xml:32:13-43
245            android:exported="false" >
245-->[com.google.firebase:firebase-auth:23.2.0] AndroidManifest.xml:68:13-37
246            <meta-data
246-->[:cloud_firestore] AndroidManifest.xml:9:13-11:85
247                android:name="com.google.firebase.components:io.flutter.plugins.firebase.firestore.FlutterFirebaseFirestoreRegistrar"
247-->[:cloud_firestore] AndroidManifest.xml:10:17-134
248                android:value="com.google.firebase.components.ComponentRegistrar" />
248-->[:cloud_firestore] AndroidManifest.xml:11:17-82
249            <meta-data
249-->[:firebase_auth] AndroidManifest.xml:9:13-11:85
250                android:name="com.google.firebase.components:io.flutter.plugins.firebase.auth.FlutterFirebaseAuthRegistrar"
250-->[:firebase_auth] AndroidManifest.xml:10:17-124
251                android:value="com.google.firebase.components.ComponentRegistrar" />
251-->[:firebase_auth] AndroidManifest.xml:11:17-82
252            <meta-data
252-->[:firebase_core] AndroidManifest.xml:9:13-11:85
253                android:name="com.google.firebase.components:io.flutter.plugins.firebase.core.FlutterFirebaseCoreRegistrar"
253-->[:firebase_core] AndroidManifest.xml:10:17-124
254                android:value="com.google.firebase.components.ComponentRegistrar" />
254-->[:firebase_core] AndroidManifest.xml:11:17-82
255            <meta-data
255-->[com.google.firebase:firebase-auth:23.2.0] AndroidManifest.xml:69:13-71:85
256                android:name="com.google.firebase.components:com.google.firebase.auth.FirebaseAuthRegistrar"
256-->[com.google.firebase:firebase-auth:23.2.0] AndroidManifest.xml:70:17-109
257                android:value="com.google.firebase.components.ComponentRegistrar" />
257-->[com.google.firebase:firebase-auth:23.2.0] AndroidManifest.xml:71:17-82
258            <meta-data
258-->[com.google.firebase:firebase-firestore:25.1.3] AndroidManifest.xml:17:13-19:85
259                android:name="com.google.firebase.components:com.google.firebase.firestore.FirebaseFirestoreKtxRegistrar"
259-->[com.google.firebase:firebase-firestore:25.1.3] AndroidManifest.xml:18:17-122
260                android:value="com.google.firebase.components.ComponentRegistrar" />
260-->[com.google.firebase:firebase-firestore:25.1.3] AndroidManifest.xml:19:17-82
261            <meta-data
261-->[com.google.firebase:firebase-firestore:25.1.3] AndroidManifest.xml:20:13-22:85
262                android:name="com.google.firebase.components:com.google.firebase.firestore.FirestoreRegistrar"
262-->[com.google.firebase:firebase-firestore:25.1.3] AndroidManifest.xml:21:17-111
263                android:value="com.google.firebase.components.ComponentRegistrar" />
263-->[com.google.firebase:firebase-firestore:25.1.3] AndroidManifest.xml:22:17-82
264            <meta-data
264-->[com.google.firebase:firebase-messaging:24.1.1] AndroidManifest.xml:57:13-59:85
265                android:name="com.google.firebase.components:com.google.firebase.messaging.FirebaseMessagingKtxRegistrar"
265-->[com.google.firebase:firebase-messaging:24.1.1] AndroidManifest.xml:58:17-122
266                android:value="com.google.firebase.components.ComponentRegistrar" />
266-->[com.google.firebase:firebase-messaging:24.1.1] AndroidManifest.xml:59:17-82
267            <meta-data
267-->[com.google.firebase:firebase-messaging:24.1.1] AndroidManifest.xml:60:13-62:85
268                android:name="com.google.firebase.components:com.google.firebase.messaging.FirebaseMessagingRegistrar"
268-->[com.google.firebase:firebase-messaging:24.1.1] AndroidManifest.xml:61:17-119
269                android:value="com.google.firebase.components.ComponentRegistrar" />
269-->[com.google.firebase:firebase-messaging:24.1.1] AndroidManifest.xml:62:17-82
270            <meta-data
270-->[com.google.firebase:firebase-installations:18.0.0] AndroidManifest.xml:15:13-17:85
271                android:name="com.google.firebase.components:com.google.firebase.installations.FirebaseInstallationsKtxRegistrar"
271-->[com.google.firebase:firebase-installations:18.0.0] AndroidManifest.xml:16:17-130
272                android:value="com.google.firebase.components.ComponentRegistrar" />
272-->[com.google.firebase:firebase-installations:18.0.0] AndroidManifest.xml:17:17-82
273            <meta-data
273-->[com.google.firebase:firebase-installations:18.0.0] AndroidManifest.xml:18:13-20:85
274                android:name="com.google.firebase.components:com.google.firebase.installations.FirebaseInstallationsRegistrar"
274-->[com.google.firebase:firebase-installations:18.0.0] AndroidManifest.xml:19:17-127
275                android:value="com.google.firebase.components.ComponentRegistrar" />
275-->[com.google.firebase:firebase-installations:18.0.0] AndroidManifest.xml:20:17-82
276            <meta-data
276-->[com.google.firebase:firebase-common-ktx:21.0.0] AndroidManifest.xml:12:13-14:85
277                android:name="com.google.firebase.components:com.google.firebase.ktx.FirebaseCommonLegacyRegistrar"
277-->[com.google.firebase:firebase-common-ktx:21.0.0] AndroidManifest.xml:13:17-116
278                android:value="com.google.firebase.components.ComponentRegistrar" />
278-->[com.google.firebase:firebase-common-ktx:21.0.0] AndroidManifest.xml:14:17-82
279            <meta-data
279-->[com.google.firebase:firebase-common:21.0.0] AndroidManifest.xml:35:13-37:85
280                android:name="com.google.firebase.components:com.google.firebase.FirebaseCommonKtxRegistrar"
280-->[com.google.firebase:firebase-common:21.0.0] AndroidManifest.xml:36:17-109
281                android:value="com.google.firebase.components.ComponentRegistrar" />
281-->[com.google.firebase:firebase-common:21.0.0] AndroidManifest.xml:37:17-82
282            <meta-data
282-->[com.google.firebase:firebase-datatransport:18.2.0] AndroidManifest.xml:25:13-27:85
283                android:name="com.google.firebase.components:com.google.firebase.datatransport.TransportRegistrar"
283-->[com.google.firebase:firebase-datatransport:18.2.0] AndroidManifest.xml:26:17-115
284                android:value="com.google.firebase.components.ComponentRegistrar" />